* using log directory ‘/Users/klecao/Documents/k.lecao/Packages/mixOmics/GIT/package-mixomics/mixOmics.Rcheck’
* using R version 3.1.0 (2014-04-10)
* using platform: x86_64-apple-darwin10.8.0 (64-bit)
* using session charset: UTF-8
* checking for file ‘mixOmics/DESCRIPTION’ ... OK
* checking extension type ... Package
* this is package ‘mixOmics’ version ‘5.0-4’
* checking CRAN incoming feasibility ... NOTE
Maintainer: ‘Kim-Anh Le Cao <k.lecao@uq.edu.au>’
* checking package namespace information ... OK
* checking package dependencies ... NOTE
  No repository set, so cyclic dependency check skipped
* checking if this is a source package ... OK
* checking if there is a namespace ... OK
* checking for executable files ... OK
* checking for hidden files and directories ... NOTE
Found the following hidden files and directories:
  R/.DS_Store
  data/.DS_Store
  man/.DS_Store
These were most likely included in error. See section ‘Package
structure’ in the ‘Writing R Extensions’ manual.

CRAN-pack does not know about
  R/.DS_Store
  data/.DS_Store
  man/.DS_Store
* checking for portable file names ... OK
* checking for sufficient/correct file permissions ... OK
* checking whether package ‘mixOmics’ can be installed ... WARNING
Found the following significant warnings:
  Warning: package ‘MASS’ was built under R version 3.1.1
  Warning: package ‘MASS’ was built under R version 3.1.1
See ‘/Users/klecao/Documents/k.lecao/Packages/mixOmics/GIT/package-mixomics/mixOmics.Rcheck/00install.out’ for details.
* checking installed package size ... OK
* checking package directory ... OK
* checking DESCRIPTION meta-information ... OK
* checking top-level files ... OK
* checking for left-over files ... OK
* checking index information ... OK
* checking package subdirectories ... OK
* checking R files for non-ASCII characters ... OK
* checking R files for syntax errors ... OK
* checking whether the package can be loaded ... OK
* checking whether the package can be loaded with stated dependencies ... OK
* checking whether the package can be unloaded cleanly ... OK
* checking whether the namespace can be loaded with stated dependencies ... OK
* checking whether the namespace can be unloaded cleanly ... OK
* checking dependencies in R code ... OK
* checking S3 generic/method consistency ... OK
* checking replacement functions ... OK
* checking foreign function calls ... OK
* checking R code for possible problems ... OK
* checking Rd files ... OK
* checking Rd metadata ... OK
* checking Rd line widths ... OK
* checking Rd cross-references ... OK
* checking for missing documentation entries ... OK
* checking for code/documentation mismatches ... WARNING
Codoc mismatches from documentation object 'pls':
pls
  Code: function(X, Y, ncomp = 2, mode = c("regression", "canonical",
                 "invariant", "classic"), max.iter = 500, tol = 1e-06,
                 near.zero.var = TRUE)
  Docs: function(X, Y, ncomp = 2, mode = c("regression", "canonical",
                 "invariant", "classic"), max.iter = 500, tol = 1e-06,
                 near.zero.var = TRUE, ...)
  Argument names in docs not in code:
    ...

Codoc mismatches from documentation object 'plsda':
plsda
  Code: function(X, Y, ncomp = 2, max.iter = 500, tol = 1e-06,
                 near.zero.var = TRUE)
  Docs: function(X, Y, ncomp = 2, max.iter = 500, tol = 1e-06,
                 near.zero.var = TRUE, ...)
  Argument names in docs not in code:
    ...

Codoc mismatches from documentation object 'spls':
spls
  Code: function(X, Y, ncomp = 2, mode = c("regression", "canonical"),
                 max.iter = 500, tol = 1e-06, keepX = rep(ncol(X),
                 ncomp), keepY = rep(ncol(Y), ncomp), near.zero.var =
                 TRUE)
  Docs: function(X, Y, ncomp = 2, mode = c("regression", "canonical"),
                 max.iter = 500, tol = 1e-06, keepX = rep(ncol(X),
                 ncomp), keepY = rep(ncol(Y), ncomp), near.zero.var =
                 TRUE, ...)
  Argument names in docs not in code:
    ...

Codoc mismatches from documentation object 'splsda':
splsda
  Code: function(X, Y, ncomp = 2, keepX = rep(ncol(X), ncomp), max.iter
                 = 500, tol = 1e-06, near.zero.var = TRUE)
  Docs: function(X, Y, ncomp = 2, keepX = rep(ncol(X), ncomp), max.iter
                 = 500, tol = 1e-06, near.zero.var = TRUE, ...)
  Argument names in docs not in code:
    ...

* checking Rd \usage sections ... OK
* checking Rd contents ... OK
* checking for unstated dependencies in examples ... OK
* checking contents of ‘data’ directory ... OK
* checking data for non-ASCII characters ... OK
* checking data for ASCII and uncompressed saves ... OK
* checking examples ... OK
* checking PDF version of manual ... OK
WARNING: There were 2 warnings.
NOTE: There were 3 notes.
