Hmm ... looks like a package

This is pdfTeX, Version 3.1415926-2.5-1.40.14 (TeX Live 2013)
 restricted \write18 enabled.
entering extended mode

(/private/var/folders/lt/g4z_nqwd0wg2kchtprc96bhrg9wlx_/T/RtmpHSyX6N/Rd2pdf7fc0
4c46c716/Rd2.tex
LaTeX2e <2011/06/27>
Babel <3.9f> and hyphenation patterns for 78 languages loaded.

(/usr/local/texlive/2013/texmf-dist/tex/latex/base/book.cls
Document Class: book 2007/10/19 v1.4h Standard LaTeX document class
(/usr/local/texlive/2013/texmf-dist/tex/latex/base/bk10.clo))
(/Library/Frameworks/R.framework/Resources/share/texmf/tex/latex/Rd.sty
(/usr/local/texlive/2013/texmf-dist/tex/latex/base/ifthen.sty)
(/usr/local/texlive/2013/texmf-dist/tex/latex/tools/longtable.sty)
(/usr/local/texlive/2013/texmf-dist/tex/latex/tools/bm.sty)
(/usr/local/texlive/2013/texmf-dist/tex/latex/base/alltt.sty)
(/usr/local/texlive/2013/texmf-dist/tex/latex/tools/verbatim.sty)
(/usr/local/texlive/2013/texmf-dist/tex/latex/url/url.sty)
(/usr/local/texlive/2013/texmf-dist/tex/latex/base/textcomp.sty
(/usr/local/texlive/2013/texmf-dist/tex/latex/base/ts1enc.def))
(/usr/local/texlive/2013/texmf-dist/tex/latex/base/fontenc.sty
(/usr/local/texlive/2013/texmf-dist/tex/latex/base/t1enc.def))
(/usr/local/texlive/2013/texmf-dist/tex/latex/psnfss/times.sty)
(/usr/local/texlive/2013/texmf-dist/tex/latex/inconsolata/inconsolata.sty
(/usr/local/texlive/2013/texmf-dist/tex/latex/graphics/keyval.sty))
(/usr/local/texlive/2013/texmf-dist/tex/latex/graphics/color.sty
(/usr/local/texlive/2013/texmf-dist/tex/latex/latexconfig/color.cfg)
(/usr/local/texlive/2013/texmf-dist/tex/latex/pdftex-def/pdftex.def
(/usr/local/texlive/2013/texmf-dist/tex/generic/oberdiek/infwarerr.sty)
(/usr/local/texlive/2013/texmf-dist/tex/generic/oberdiek/ltxcmds.sty)))
(/usr/local/texlive/2013/texmf-dist/tex/latex/hyperref/hyperref.sty
(/usr/local/texlive/2013/texmf-dist/tex/generic/oberdiek/hobsub-hyperref.sty
(/usr/local/texlive/2013/texmf-dist/tex/generic/oberdiek/hobsub-generic.sty))
(/usr/local/texlive/2013/texmf-dist/tex/generic/ifxetex/ifxetex.sty)
(/usr/local/texlive/2013/texmf-dist/tex/latex/oberdiek/auxhook.sty)
(/usr/local/texlive/2013/texmf-dist/tex/latex/oberdiek/kvoptions.sty)
(/usr/local/texlive/2013/texmf-dist/tex/latex/hyperref/pd1enc.def)
(/usr/local/texlive/2013/texmf-dist/tex/latex/latexconfig/hyperref.cfg))

Package hyperref Message: Driver (autodetected): hpdftex.

(/usr/local/texlive/2013/texmf-dist/tex/latex/hyperref/hpdftex.def
(/usr/local/texlive/2013/texmf-dist/tex/latex/oberdiek/rerunfilecheck.sty))

Package hyperref Warning: Option `hyperindex' has already been used,
(hyperref)                setting the option has no effect on input line 361.


Package hyperref Warning: Option `pagebackref' has already been used,
(hyperref)                setting the option has no effect on input line 361.

) (/usr/local/texlive/2013/texmf-dist/tex/latex/base/makeidx.sty)
(/usr/local/texlive/2013/texmf-dist/tex/latex/base/inputenc.sty
(/usr/local/texlive/2013/texmf-dist/tex/latex/base/utf8.def
(/usr/local/texlive/2013/texmf-dist/tex/latex/base/t1enc.dfu)
(/usr/local/texlive/2013/texmf-dist/tex/latex/base/ot1enc.dfu)
(/usr/local/texlive/2013/texmf-dist/tex/latex/base/omsenc.dfu)
(/usr/local/texlive/2013/texmf-dist/tex/latex/base/ts1enc.dfu))
(/usr/local/texlive/2013/texmf-dist/tex/latex/base/latin1.def))
Writing index file Rd2.idx
No file Rd2.aux.
(/usr/local/texlive/2013/texmf-dist/tex/latex/base/ts1cmr.fd)
(/usr/local/texlive/2013/texmf-dist/tex/latex/psnfss/t1ptm.fd)
(/usr/local/texlive/2013/texmf-dist/tex/context/base/supp-pdf.mkii
[Loading MPS to PDF converter (version 2006.09.02).]
) (/usr/local/texlive/2013/texmf-dist/tex/latex/hyperref/nameref.sty
(/usr/local/texlive/2013/texmf-dist/tex/generic/oberdiek/gettitlestring.sty))
(/usr/local/texlive/2013/texmf-dist/tex/latex/inconsolata/t1fi4.fd)
(/usr/local/texlive/2013/texmf-dist/tex/latex/psnfss/t1phv.fd)
(/usr/local/texlive/2013/texmf-dist/tex/latex/base/utf8.def) [1{/usr/local/texl
ive/2013/texmf-var/fonts/map/pdftex/updmap/pdftex.map}]
Overfull \hbox (17.91803pt too wide) in paragraph at lines 75--78
[]\T1/ptm/m/n/10 a list con-tain-ing two char-ac-ter vec-tor com-po-nents: \T1/
fi4/m/n/10 name \T1/ptm/m/n/10 the name of the genes, and \T1/fi4/m/n/10 descri
ption

Overfull \hbox (9.99785pt too wide) in paragraph at lines 93--97
\T1/ptm/m/n/10 was down-loaded from the Stan-ford Ge-nomics Breast Can-cer Con-
sor-tium Por-tal [][]$\T1/fi4/m/n/10 http : / / genome-[]www .
(/usr/local/texlive/2013/texmf-dist/tex/latex/base/utf8.def) [2]
(/usr/local/texlive/2013/texmf-dist/tex/latex/inconsolata/ts1fi4.fd)
Overfull \hbox (31.46849pt too wide) in paragraph at lines 170--173
[]\T1/ptm/m/n/10 a char-ac-ter string spec-i-fy-ing the col-ors func-tion to us
e: [][]\T1/fi4/m/n/10 terrain.colors[][][]\T1/ptm/m/n/10 , [][]\T1/fi4/m/n/10 t
opo.colors[][][]\T1/ptm/m/n/10 ,
[3] [4]
Overfull \hbox (66.528pt too wide) in paragraph at lines 264--266
[][][]\T1/fi4/m/n/10 image[][][]\T1/ptm/m/n/10 , [][]\T1/fi4/m/n/10 heatmap[][]
[]\T1/ptm/m/n/10 , [][]\T1/fi4/m/n/10 hclust[][][]\T1/ptm/m/n/10 , [][]\T1/fi4/
m/n/10 plotVar[][][]\T1/ptm/m/n/10 , [][]\T1/fi4/m/n/10 plot3dVar[][][]\T1/ptm/
m/n/10 , [][]\T1/fi4/m/n/10 network[][][] \T1/ptm/m/n/10 and http://www.math.un
iv-toulouse.fr/~biostat/mixOmics/
[5] (/usr/local/texlive/2013/texmf-dist/tex/latex/base/utf8.def)
(/usr/local/texlive/2013/texmf-dist/tex/latex/base/utf8.def) [6]
(/usr/local/texlive/2013/texmf-dist/tex/latex/base/utf8.def)
Overfull \hbox (31.46849pt too wide) in paragraph at lines 374--377
[]\T1/ptm/m/n/10 a char-ac-ter string spec-i-fy-ing the col-ors func-tion to us
e: [][]\T1/fi4/m/n/10 terrain.colors[][][]\T1/ptm/m/n/10 , [][]\T1/fi4/m/n/10 t
opo.colors[][][]\T1/ptm/m/n/10 ,

Overfull \hbox (4.26794pt too wide) in paragraph at lines 382--386
[]\T1/fi4/m/n/10 image.estim.regul \T1/ptm/m/n/10 cre-ates an im-age map of the
 ma-trix \T1/fi4/m/n/10 object$mat \T1/ptm/m/n/10 con-tain-ing the cross-valida
tion
(/usr/local/texlive/2013/texmf-dist/tex/latex/base/utf8.def) [7]
(/usr/local/texlive/2013/texmf-dist/tex/latex/base/utf8.def) [8]
(/usr/local/texlive/2013/texmf-dist/tex/latex/base/utf8.def)
(/usr/local/texlive/2013/texmf-dist/tex/latex/base/utf8.def) [9] [10]
Overfull \hbox (81.528pt too wide) in paragraph at lines 607--611
[][][]\T1/fi4/m/n/10 sipca[][][]\T1/ptm/m/n/10 , [][]\T1/fi4/m/n/10 pca[][][]\T
1/ptm/m/n/10 , [][]\T1/fi4/m/n/10 plotIndiv[][][]\T1/ptm/m/n/10 , [][]\T1/fi4/m
/n/10 plotVar[][][]\T1/ptm/m/n/10 , [][]\T1/fi4/m/n/10 plot3dIndiv[][][]\T1/ptm
/m/n/10 , [][]\T1/fi4/m/n/10 plot3dVar[][][] \T1/ptm/m/n/10 and http://www.math
.univ-toulouse.fr/~biostat/mixOmics/
(/usr/local/texlive/2013/texmf-dist/tex/latex/base/utf8.def) [11]
(/usr/local/texlive/2013/texmf-dist/tex/latex/base/utf8.def) [12]
(/usr/local/texlive/2013/texmf-dist/tex/latex/base/utf8.def) [13]
(/usr/local/texlive/2013/texmf-dist/tex/latex/base/utf8.def) [14]
(/usr/local/texlive/2013/texmf-dist/tex/latex/base/utf8.def) [15]
(/usr/local/texlive/2013/texmf-dist/tex/latex/psnfss/ts1ptm.fd)
(/usr/local/texlive/2013/texmf-dist/tex/latex/base/utf8.def) [16] [17]
Overfull \hbox (16.0246pt too wide) in paragraph at lines 1052--1054
[]\T1/ptm/m/n/10 number of $\OML/cmm/m/it/10 Y$ \T1/ptm/m/n/10 vari-ables kept 
in the model on each com-po-nent $\OML/cmm/m/it/10 Y$ \T1/ptm/m/n/10 if \T1/fi4
/m/n/10 method = "spls"\T1/ptm/m/n/10 . 
[18]
Underfull \vbox (badness 10000) has occurred while \output is active [19]
(/usr/local/texlive/2013/texmf-dist/tex/latex/base/utf8.def) [20]
Overfull \hbox (9.88753pt too wide) in paragraph at lines 1239--1243
[]\T1/ptm/m/n/10 a data frame con-tain-ing the zero- or near-zero pre-dic-tors 
in-for-ma-tion with columns:
(/usr/local/texlive/2013/texmf-dist/tex/latex/base/utf8.def) [21] [22]
Overfull \hbox (1.11601pt too wide) in paragraph at lines 1371--1374
[]\T1/fi4/m/n/10 shape.node[1] \T1/ptm/m/n/10 and \T1/fi4/m/n/10 shape.node[2] 
\T1/ptm/m/n/10 pro-vide the shape of the nodes as-so-ciate to $\OML/cmm/m/it/10
 X$\T1/ptm/m/n/10 - and $\OML/cmm/m/it/10 Y$\T1/ptm/m/n/10 -variables

Overfull \hbox (61.80849pt too wide) in paragraph at lines 1371--1374
\T1/ptm/m/n/10 re-spec-tively. Cur-rent ac-cept-able val-ues are \T1/fi4/m/n/10
 "circle" \T1/ptm/m/n/10 and \T1/fi4/m/n/10 "rectangle"\T1/ptm/m/n/10 . De-faul
ts to \T1/fi4/m/n/10 c("circle", "rectangle")\T1/ptm/m/n/10 . 
[23] (/usr/local/texlive/2013/texmf-dist/tex/latex/base/utf8.def) [24] [25]
(/usr/local/texlive/2013/texmf-dist/tex/latex/base/utf8.def) [26]
(/usr/local/texlive/2013/texmf-dist/tex/latex/base/utf8.def) [27]
Overfull \hbox (10.91003pt too wide) in paragraph at lines 1694--1697
[][][]\T1/fi4/m/n/10 nipals[][][]\T1/ptm/m/n/10 , [][]\T1/fi4/m/n/10 prcomp[][]
[]\T1/ptm/m/n/10 , [][]\T1/fi4/m/n/10 biplot[][][]\T1/ptm/m/n/10 , [][]\T1/fi4/
m/n/10 plotIndiv[][][]\T1/ptm/m/n/10 , [][]\T1/fi4/m/n/10 plotVar[][][]\T1/ptm/
m/n/10 , [][]\T1/fi4/m/n/10 plot3dIndiv[][][]\T1/ptm/m/n/10 , [][]\T1/fi4/m/n/1
0 plot3dVar[][][] \T1/ptm/m/n/10 and http://www.math.univ-
[28] (/usr/local/texlive/2013/texmf-dist/tex/latex/base/utf8.def)
(/usr/local/texlive/2013/texmf-dist/tex/latex/base/utf8.def) [29]
Overfull \hbox (34.78088pt too wide) in paragraph at lines 1764--1764
 []          \T1/fi4/m/n/10 method.predict = c("all", "max.dist", "centroids.di
st", "mahalanobis.dist"),[] 

Overfull \hbox (34.78088pt too wide) in paragraph at lines 1770--1770
 []          \T1/fi4/m/n/10 method.predict = c("all", "max.dist", "centroids.di
st", "mahalanobis.dist"),[] 
[30] [31]
Overfull \hbox (9.78088pt too wide) in paragraph at lines 1884--1884
 []\T1/fi4/m/n/9 matplot(t(liver.val$MSEP), type = l, xlab = PLS components, yl
ab = MSEP for each variable)[] 
[32] (/usr/local/texlive/2013/texmf-dist/tex/latex/base/utf8.def) [33]
Overfull \hbox (9.78088pt too wide) in paragraph at lines 1959--1959
 []\T1/fi4/m/n/10 legend = TRUE, annotation = NA, annotation_colors = NA, annot
ation_legend = TRUE,[] 
[34]
Overfull \hbox (21.0284pt too wide) in paragraph at lines 2005--2006
\T1/ptm/m/n/10 for Pear-son cor-re-la-tion and all the dis-tances sup-ported by
 [][]\T1/fi4/m/n/10 dist[][][]\T1/ptm/m/n/10 , such as \T1/fi4/m/n/10 "euclidea
n"\T1/ptm/m/n/10 ,
[35] [36]
Overfull \hbox (14.28088pt too wide) in paragraph at lines 2113--2113
 []\T1/fi4/m/n/9 col.sample <- c("lightgreen", "red","lightblue","darkorange","
purple","maroon") # 6 samples[] 
(/usr/local/texlive/2013/texmf-dist/tex/latex/base/utf8.def) [37] [38]
(/usr/local/texlive/2013/texmf-dist/tex/latex/base/utf8.def) [39]
(/usr/local/texlive/2013/texmf-dist/tex/latex/base/utf8.def) [40] [41] [42]
(/usr/local/texlive/2013/texmf-dist/tex/latex/base/utf8.def) [43] [44] [45]
(/usr/local/texlive/2013/texmf-dist/tex/latex/base/utf8.def) [46] [47] [48]
(/usr/local/texlive/2013/texmf-dist/tex/latex/base/utf8.def) [49] [50] [51]
[52]
Overfull \hbox (32.28088pt too wide) in paragraph at lines 3031--3031
 []\T1/fi4/m/n/9 plotVar(wrap.result.sgcca, comp = c(1,2), block = c(1,2), ncom
p.select = c(1,2), labels = TRUE)[] 

Overfull \hbox (9.78088pt too wide) in paragraph at lines 3032--3032
 []\T1/fi4/m/n/9 plotVar(wrap.result.sgcca, comp = c(1,2), block = c(1,2), ncom
p.select = 1, labels = TRUE)[] 
(/usr/local/texlive/2013/texmf-dist/tex/latex/base/utf8.def) [53]
Overfull \hbox (51.528pt too wide) in paragraph at lines 3119--3121
[][][]\T1/fi4/m/n/10 spls[][][]\T1/ptm/m/n/10 , [][]\T1/fi4/m/n/10 summary[][][
]\T1/ptm/m/n/10 , [][]\T1/fi4/m/n/10 plotIndiv[][][]\T1/ptm/m/n/10 , [][]\T1/fi
4/m/n/10 plotVar[][][]\T1/ptm/m/n/10 , [][]\T1/fi4/m/n/10 predict[][][]\T1/ptm/
m/n/10 , [][]\T1/fi4/m/n/10 perf[][][] \T1/ptm/m/n/10 and http://www.math.univ-
toulouse.fr/~biostat/mixOmics/
[54] (/usr/local/texlive/2013/texmf-dist/tex/latex/base/utf8.def) [55]
Overfull \hbox (45.43005pt too wide) in paragraph at lines 3209--3212
[][][]\T1/fi4/m/n/10 splsda[][][]\T1/ptm/m/n/10 , [][]\T1/fi4/m/n/10 summary[][
][]\T1/ptm/m/n/10 , [][]\T1/fi4/m/n/10 plotIndiv[][][]\T1/ptm/m/n/10 , [][]\T1/
fi4/m/n/10 plotVar[][][]\T1/ptm/m/n/10 , [][]\T1/fi4/m/n/10 plot3dIndiv[][][]\T
1/ptm/m/n/10 , [][]\T1/fi4/m/n/10 plot3dVar[][][]\T1/ptm/m/n/10 , [][]\T1/fi4/m
/n/10 predict[][][]\T1/ptm/m/n/10 , [][]\T1/fi4/m/n/10 perf[][][] \T1/ptm/m/n/1
0 and http://www.math.univ-
(/usr/local/texlive/2013/texmf-dist/tex/latex/base/utf8.def) [56]
Overfull \hbox (2.08026pt too wide) in paragraph at lines 3279--3282
\T1/ptm/m/n/10 should be a sub-set of \T1/fi4/m/n/10 "centroids.dist"\T1/ptm/m/
n/10 , \T1/fi4/m/n/10 "mahalanobis.dist" \T1/ptm/m/n/10 or \T1/fi4/m/n/10 "max.
dist"
[57] (/usr/local/texlive/2013/texmf-dist/tex/latex/base/utf8.def) [58]
Overfull \hbox (0.37996pt too wide) in paragraph at lines 3385--3387
[]\T1/ptm/m/n/10 Produce \T1/fi4/m/n/10 print \T1/ptm/m/n/10 meth-ods for class
 \T1/fi4/m/n/10 "rcc"\T1/ptm/m/n/10 , \T1/fi4/m/n/10 "pls"\T1/ptm/m/n/10 , \T1/
fi4/m/n/10 "spls"\T1/ptm/m/n/10 , \T1/fi4/m/n/10 "pca"\T1/ptm/m/n/10 , \T1/fi4/
m/n/10 "rgcca"\T1/ptm/m/n/10 , \T1/fi4/m/n/10 "sgcca" \T1/ptm/m/n/10 and \T1/fi
4/m/n/10 "summary"\T1/ptm/m/n/10 . 
[59] (/usr/local/texlive/2013/texmf-dist/tex/latex/base/utf8.def) [60]
(/usr/local/texlive/2013/texmf-dist/tex/latex/base/utf8.def) [61]
(/usr/local/texlive/2013/texmf-dist/tex/latex/base/utf8.def) [62]
Overfull \hbox (132.59837pt too wide) in paragraph at lines 3665--3667
[]\T1/ptm/m/n/10 character string in-di-cat-ing the sub-title po-si-tion \T1/fi
4/m/n/10 ("topleft", "topright", "bottomleft", "bottomright")\T1/ptm/m/n/10 . 
[63] (/usr/local/texlive/2013/texmf-dist/tex/latex/base/utf8.def) [64]
(/usr/local/texlive/2013/texmf-dist/tex/latex/base/utf8.def) [65] [66]
(/usr/local/texlive/2013/texmf-dist/tex/latex/base/utf8.def) [67]
Overfull \hbox (76.528pt too wide) in paragraph at lines 3937--3940
[][][]\T1/fi4/m/n/10 ipca[][][]\T1/ptm/m/n/10 , [][]\T1/fi4/m/n/10 pca[][][]\T1
/ptm/m/n/10 , [][]\T1/fi4/m/n/10 plotIndiv[][][]\T1/ptm/m/n/10 , [][]\T1/fi4/m/
n/10 plotVar[][][]\T1/ptm/m/n/10 , [][]\T1/fi4/m/n/10 plot3dIndiv[][][]\T1/ptm/
m/n/10 , [][]\T1/fi4/m/n/10 plot3dVar[][][] \T1/ptm/m/n/10 and http://www.math.
univ-toulouse.fr/~biostat/mixOmics/
[68] (/usr/local/texlive/2013/texmf-dist/tex/latex/base/utf8.def) [69]
(/usr/local/texlive/2013/texmf-dist/tex/latex/base/utf8.def) [70] [71]
(/usr/local/texlive/2013/texmf-dist/tex/latex/base/utf8.def) [72] [73]
(/usr/local/texlive/2013/texmf-dist/tex/latex/base/utf8.def) [74]
(/usr/local/texlive/2013/texmf-dist/tex/latex/base/utf8.def) [75] [76]
(/usr/local/texlive/2013/texmf-dist/tex/latex/base/utf8.def) [77] [78] [79]
(/usr/local/texlive/2013/texmf-dist/tex/latex/base/utf8.def) [80]
(/usr/local/texlive/2013/texmf-dist/tex/latex/base/utf8.def) [81]
Overfull \hbox (54.30898pt too wide) in paragraph at lines 4714--4717
\T1/ptm/m/n/10 validation score should be com-puted. De-faults to \T1/fi4/m/n/1
0 grid1=grid2=seq(0.001, 1, length=5)\T1/ptm/m/n/10 . 
[82] (/usr/local/texlive/2013/texmf-dist/tex/latex/base/utf8.def) [83]
(/usr/local/texlive/2013/texmf-dist/tex/latex/base/utf8.def) [84]
(/usr/local/texlive/2013/texmf-dist/tex/latex/base/utf8.def) [85]
(/usr/local/texlive/2013/texmf-dist/tex/latex/base/utf8.def) [86]
(/usr/local/texlive/2013/texmf-dist/tex/latex/base/utf8.def)
Overfull \hbox (4.78088pt too wide) in paragraph at lines 5024--5024
 []\T1/fi4/m/n/10 wrapper.rgcca(data, design = 1 - diag(length(data)), tau = re
p(1, length(data)),[] 

Overfull \hbox (4.78088pt too wide) in paragraph at lines 5025--5025
 []  \T1/fi4/m/n/10 ncomp = rep(1, length(data)), scheme = "centroid", scale = 
TRUE, init = "svd",[] 
[87] [88] (/usr/local/texlive/2013/texmf-dist/tex/latex/base/utf8.def) [89]
Overfull \hbox (24.78088pt too wide) in paragraph at lines 5134--5134
 []\T1/fi4/m/n/10 wrapper.sgcca(data, design = 1 - diag(length(data)), penalty 
= rep(1, length(data)),[] 

Overfull \hbox (4.78088pt too wide) in paragraph at lines 5135--5135
 []  \T1/fi4/m/n/10 ncomp = rep(1, length(data)), scheme = "centroid", scale = 
TRUE, init = "svd",[] 
[90] [91] (/usr/local/texlive/2013/texmf-dist/tex/latex/base/utf8.def)
No file Rd2.ind.
[92] (./Rd2.aux)

Package rerunfilecheck Warning: File `Rd2.out' has changed.
(rerunfilecheck)                Rerun to get outlines right
(rerunfilecheck)                or use package `bookmark'.

 )
(see the transcript file for additional information)pdfTeX warning (dest): name
{Rfn.sgcca} has been referenced but does not exist, replaced by a fixed one

pdfTeX warning (dest): name{Rfn.rgcca} has been referenced but does not exist, 
replaced by a fixed one

pdfTeX warning (dest): name{Rfn.split} has been referenced but does not exist, 
replaced by a fixed one

pdfTeX warning (dest): name{Rfn.text} has been referenced but does not exist, r
eplaced by a fixed one

pdfTeX warning (dest): name{Rfn.rgl.postscript} has been referenced but does no
t exist, replaced by a fixed one

pdfTeX warning (dest): name{Rfn.text3d} has been referenced but does not exist,
 replaced by a fixed one

pdfTeX warning (dest): name{Rfn.title3d} has been referenced but does not exist
, replaced by a fixed one

pdfTeX warning (dest): name{Rfn.barplot} has been referenced but does not exist
, replaced by a fixed one

pdfTeX warning (dest): name{Rfn.points} has been referenced but does not exist,
 replaced by a fixed one

pdfTeX warning (dest): name{Rfn.xyplot} has been referenced but does not exist,
 replaced by a fixed one

pdfTeX warning (dest): name{Rfn.pheatmap} has been referenced but does not exis
t, replaced by a fixed one

pdfTeX warning (dest): name{Rfn.gpar} has been referenced but does not exist, r
eplaced by a fixed one

pdfTeX warning (dest): name{Rfn.grid.text} has been referenced but does not exi
st, replaced by a fixed one

pdfTeX warning (dest): name{Rfn.biplot} has been referenced but does not exist,
 replaced by a fixed one

pdfTeX warning (dest): name{Rfn.scale} has been referenced but does not exist, 
replaced by a fixed one

pdfTeX warning (dest): name{Rfn.eigen} has been referenced but does not exist, 
replaced by a fixed one

pdfTeX warning (dest): name{Rfn.prcomp} has been referenced but does not exist,
 replaced by a fixed one

pdfTeX warning (dest): name{Rfn.princomp} has been referenced but does not exis
t, replaced by a fixed one

pdfTeX warning (dest): name{Rfn.svd} has been referenced but does not exist, re
placed by a fixed one

pdfTeX warning (dest): name{Rfn.gray} has been referenced but does not exist, r
eplaced by a fixed one

pdfTeX warning (dest): name{Rfn.hsv} has been referenced but does not exist, re
placed by a fixed one

pdfTeX warning (dest): name{Rfn.colors} has been referenced but does not exist,
 replaced by a fixed one

pdfTeX warning (dest): name{Rfn.palette} has been referenced but does not exist
, replaced by a fixed one

pdfTeX warning (dest): name{Rfn.colorRamp} has been referenced but does not exi
st, replaced by a fixed one

pdfTeX warning (dest): name{Rfn.cor} has been referenced but does not exist, re
placed by a fixed one

pdfTeX warning (dest): name{Rfn.heat.colors} has been referenced but does not e
xist, replaced by a fixed one

pdfTeX warning (dest): name{Rfn.heatmap} has been referenced but does not exist
, replaced by a fixed one

pdfTeX warning (dest): name{Rfn.order.dendrogram} has been referenced but does 
not exist, replaced by a fixed one

pdfTeX warning (dest): name{Rfn.par} has been referenced but does not exist, re
placed by a fixed one

pdfTeX warning (dest): name{Rfn.hclust} has been referenced but does not exist,
 replaced by a fixed one

pdfTeX warning (dest): name{Rfn.rainbow} has been referenced but does not exist
, replaced by a fixed one

pdfTeX warning (dest): name{Rfn.topo.colors} has been referenced but does not e
xist, replaced by a fixed one

pdfTeX warning (dest): name{Rfn.terrain.colors} has been referenced but does no
t exist, replaced by a fixed one

pdfTeX warning (dest): name{Rfn.dist} has been referenced but does not exist, r
eplaced by a fixed one

{/usr/local/texlive/2013/texmf-dist/fonts/enc/dvips/base/8r.enc}{/usr/local/tex
live/2013/texmf-dist/fonts/enc/dvips/inconsolata/fi4-ec.enc}</usr/local/texlive
/2013/texmf-dist/fonts/type1/public/inconsolata/Inconsolata.pfb></usr/local/tex
live/2013/texmf-dist/fonts/type1/public/amsfonts/cm/cmmi10.pfb></usr/local/texl
ive/2013/texmf-dist/fonts/type1/public/amsfonts/cm/cmmi7.pfb></usr/local/texliv
e/2013/texmf-dist/fonts/type1/public/amsfonts/cm/cmr10.pfb></usr/local/texlive/
2013/texmf-dist/fonts/type1/public/amsfonts/cm/cmr7.pfb></usr/local/texlive/201
3/texmf-dist/fonts/type1/public/amsfonts/cm/cmsy10.pfb></usr/local/texlive/2013
/texmf-dist/fonts/type1/urw/helvetic/uhvr8a.pfb></usr/local/texlive/2013/texmf-
dist/fonts/type1/urw/times/utmb8a.pfb></usr/local/texlive/2013/texmf-dist/fonts
/type1/urw/times/utmr8a.pfb></usr/local/texlive/2013/texmf-dist/fonts/type1/urw
/times/utmr8a.pfb></usr/local/texlive/2013/texmf-dist/fonts/type1/urw/times/utm
ri8a.pfb>
Output written on Rd2.pdf (92 pages, 328052 bytes).
Transcript written on Rd2.log.
This is makeindex, version 2.15 [TeX Live 2013] (kpathsea + Thai support).
Scanning input file ./Rd2.idx....done (394 entries accepted, 0 rejected).
Sorting entries......done (3910 comparisons).
Generating output file ./Rd2.ind....done (439 lines written, 2 warnings).
Output written in ./Rd2.ind.
Transcript written in ./Rd2.ilg.
This is pdfTeX, Version 3.1415926-2.5-1.40.14 (TeX Live 2013)
 restricted \write18 enabled.
entering extended mode

(/private/var/folders/lt/g4z_nqwd0wg2kchtprc96bhrg9wlx_/T/RtmpHSyX6N/Rd2pdf7fc0
4c46c716/Rd2.tex
LaTeX2e <2011/06/27>
Babel <3.9f> and hyphenation patterns for 78 languages loaded.

(/usr/local/texlive/2013/texmf-dist/tex/latex/base/book.cls
Document Class: book 2007/10/19 v1.4h Standard LaTeX document class
(/usr/local/texlive/2013/texmf-dist/tex/latex/base/bk10.clo))
(/Library/Frameworks/R.framework/Resources/share/texmf/tex/latex/Rd.sty
(/usr/local/texlive/2013/texmf-dist/tex/latex/base/ifthen.sty)
(/usr/local/texlive/2013/texmf-dist/tex/latex/tools/longtable.sty)
(/usr/local/texlive/2013/texmf-dist/tex/latex/tools/bm.sty)
(/usr/local/texlive/2013/texmf-dist/tex/latex/base/alltt.sty)
(/usr/local/texlive/2013/texmf-dist/tex/latex/tools/verbatim.sty)
(/usr/local/texlive/2013/texmf-dist/tex/latex/url/url.sty)
(/usr/local/texlive/2013/texmf-dist/tex/latex/base/textcomp.sty
(/usr/local/texlive/2013/texmf-dist/tex/latex/base/ts1enc.def))
(/usr/local/texlive/2013/texmf-dist/tex/latex/base/fontenc.sty
(/usr/local/texlive/2013/texmf-dist/tex/latex/base/t1enc.def))
(/usr/local/texlive/2013/texmf-dist/tex/latex/psnfss/times.sty)
(/usr/local/texlive/2013/texmf-dist/tex/latex/inconsolata/inconsolata.sty
(/usr/local/texlive/2013/texmf-dist/tex/latex/graphics/keyval.sty))
(/usr/local/texlive/2013/texmf-dist/tex/latex/graphics/color.sty
(/usr/local/texlive/2013/texmf-dist/tex/latex/latexconfig/color.cfg)
(/usr/local/texlive/2013/texmf-dist/tex/latex/pdftex-def/pdftex.def
(/usr/local/texlive/2013/texmf-dist/tex/generic/oberdiek/infwarerr.sty)
(/usr/local/texlive/2013/texmf-dist/tex/generic/oberdiek/ltxcmds.sty)))
(/usr/local/texlive/2013/texmf-dist/tex/latex/hyperref/hyperref.sty
(/usr/local/texlive/2013/texmf-dist/tex/generic/oberdiek/hobsub-hyperref.sty
(/usr/local/texlive/2013/texmf-dist/tex/generic/oberdiek/hobsub-generic.sty))
(/usr/local/texlive/2013/texmf-dist/tex/generic/ifxetex/ifxetex.sty)
(/usr/local/texlive/2013/texmf-dist/tex/latex/oberdiek/auxhook.sty)
(/usr/local/texlive/2013/texmf-dist/tex/latex/oberdiek/kvoptions.sty)
(/usr/local/texlive/2013/texmf-dist/tex/latex/hyperref/pd1enc.def)
(/usr/local/texlive/2013/texmf-dist/tex/latex/latexconfig/hyperref.cfg))

Package hyperref Message: Driver (autodetected): hpdftex.

(/usr/local/texlive/2013/texmf-dist/tex/latex/hyperref/hpdftex.def
(/usr/local/texlive/2013/texmf-dist/tex/latex/oberdiek/rerunfilecheck.sty))

Package hyperref Warning: Option `hyperindex' has already been used,
(hyperref)                setting the option has no effect on input line 361.


Package hyperref Warning: Option `pagebackref' has already been used,
(hyperref)                setting the option has no effect on input line 361.

) (/usr/local/texlive/2013/texmf-dist/tex/latex/base/makeidx.sty)
(/usr/local/texlive/2013/texmf-dist/tex/latex/base/inputenc.sty
(/usr/local/texlive/2013/texmf-dist/tex/latex/base/utf8.def
(/usr/local/texlive/2013/texmf-dist/tex/latex/base/t1enc.dfu)
(/usr/local/texlive/2013/texmf-dist/tex/latex/base/ot1enc.dfu)
(/usr/local/texlive/2013/texmf-dist/tex/latex/base/omsenc.dfu)
(/usr/local/texlive/2013/texmf-dist/tex/latex/base/ts1enc.dfu))
(/usr/local/texlive/2013/texmf-dist/tex/latex/base/latin1.def))
Writing index file Rd2.idx
(./Rd2.aux) (/usr/local/texlive/2013/texmf-dist/tex/latex/base/ts1cmr.fd)
(/usr/local/texlive/2013/texmf-dist/tex/latex/psnfss/t1ptm.fd)
(/usr/local/texlive/2013/texmf-dist/tex/context/base/supp-pdf.mkii
[Loading MPS to PDF converter (version 2006.09.02).]
) (/usr/local/texlive/2013/texmf-dist/tex/latex/hyperref/nameref.sty
(/usr/local/texlive/2013/texmf-dist/tex/generic/oberdiek/gettitlestring.sty))
(./Rd2.out) (./Rd2.out)
(/usr/local/texlive/2013/texmf-dist/tex/latex/inconsolata/t1fi4.fd)
(/usr/local/texlive/2013/texmf-dist/tex/latex/psnfss/t1phv.fd) (./Rd2.toc
[1{/usr/local/texlive/2013/texmf-var/fonts/map/pdftex/updmap/pdftex.map}]
[2]) (/usr/local/texlive/2013/texmf-dist/tex/latex/base/utf8.def)
Overfull \hbox (17.91803pt too wide) in paragraph at lines 75--78
[]\T1/ptm/m/n/10 a list con-tain-ing two char-ac-ter vec-tor com-po-nents: \T1/
fi4/m/n/10 name \T1/ptm/m/n/10 the name of the genes, and \T1/fi4/m/n/10 descri
ption

Overfull \hbox (9.99785pt too wide) in paragraph at lines 93--97
\T1/ptm/m/n/10 was down-loaded from the Stan-ford Ge-nomics Breast Can-cer Con-
sor-tium Por-tal [][]$\T1/fi4/m/n/10 http : / / genome-[]www .
(/usr/local/texlive/2013/texmf-dist/tex/latex/base/utf8.def) [3]
(/usr/local/texlive/2013/texmf-dist/tex/latex/inconsolata/ts1fi4.fd)
Overfull \hbox (31.46849pt too wide) in paragraph at lines 170--173
[]\T1/ptm/m/n/10 a char-ac-ter string spec-i-fy-ing the col-ors func-tion to us
e: [][]\T1/fi4/m/n/10 terrain.colors[][][]\T1/ptm/m/n/10 , [][]\T1/fi4/m/n/10 t
opo.colors[][][]\T1/ptm/m/n/10 ,
[4] [5]
Overfull \hbox (66.528pt too wide) in paragraph at lines 264--266
[][][]\T1/fi4/m/n/10 image[][][]\T1/ptm/m/n/10 , [][]\T1/fi4/m/n/10 heatmap[][]
[]\T1/ptm/m/n/10 , [][]\T1/fi4/m/n/10 hclust[][][]\T1/ptm/m/n/10 , [][]\T1/fi4/
m/n/10 plotVar[][][]\T1/ptm/m/n/10 , [][]\T1/fi4/m/n/10 plot3dVar[][][]\T1/ptm/
m/n/10 , [][]\T1/fi4/m/n/10 network[][][] \T1/ptm/m/n/10 and http://www.math.un
iv-toulouse.fr/~biostat/mixOmics/
[6] (/usr/local/texlive/2013/texmf-dist/tex/latex/base/utf8.def)
(/usr/local/texlive/2013/texmf-dist/tex/latex/base/utf8.def) [7]
(/usr/local/texlive/2013/texmf-dist/tex/latex/base/utf8.def)
Overfull \hbox (31.46849pt too wide) in paragraph at lines 374--377
[]\T1/ptm/m/n/10 a char-ac-ter string spec-i-fy-ing the col-ors func-tion to us
e: [][]\T1/fi4/m/n/10 terrain.colors[][][]\T1/ptm/m/n/10 , [][]\T1/fi4/m/n/10 t
opo.colors[][][]\T1/ptm/m/n/10 ,

Overfull \hbox (4.26794pt too wide) in paragraph at lines 382--386
[]\T1/fi4/m/n/10 image.estim.regul \T1/ptm/m/n/10 cre-ates an im-age map of the
 ma-trix \T1/fi4/m/n/10 object$mat \T1/ptm/m/n/10 con-tain-ing the cross-valida
tion
(/usr/local/texlive/2013/texmf-dist/tex/latex/base/utf8.def) [8]
(/usr/local/texlive/2013/texmf-dist/tex/latex/base/utf8.def) [9]
(/usr/local/texlive/2013/texmf-dist/tex/latex/base/utf8.def)
(/usr/local/texlive/2013/texmf-dist/tex/latex/base/utf8.def) [10] [11]
Overfull \hbox (81.528pt too wide) in paragraph at lines 607--611
[][][]\T1/fi4/m/n/10 sipca[][][]\T1/ptm/m/n/10 , [][]\T1/fi4/m/n/10 pca[][][]\T
1/ptm/m/n/10 , [][]\T1/fi4/m/n/10 plotIndiv[][][]\T1/ptm/m/n/10 , [][]\T1/fi4/m
/n/10 plotVar[][][]\T1/ptm/m/n/10 , [][]\T1/fi4/m/n/10 plot3dIndiv[][][]\T1/ptm
/m/n/10 , [][]\T1/fi4/m/n/10 plot3dVar[][][] \T1/ptm/m/n/10 and http://www.math
.univ-toulouse.fr/~biostat/mixOmics/
(/usr/local/texlive/2013/texmf-dist/tex/latex/base/utf8.def) [12]
(/usr/local/texlive/2013/texmf-dist/tex/latex/base/utf8.def) [13]
(/usr/local/texlive/2013/texmf-dist/tex/latex/base/utf8.def) [14]
(/usr/local/texlive/2013/texmf-dist/tex/latex/base/utf8.def) [15]
(/usr/local/texlive/2013/texmf-dist/tex/latex/base/utf8.def) [16]
(/usr/local/texlive/2013/texmf-dist/tex/latex/psnfss/ts1ptm.fd)
(/usr/local/texlive/2013/texmf-dist/tex/latex/base/utf8.def) [17] [18]
Overfull \hbox (16.0246pt too wide) in paragraph at lines 1052--1054
[]\T1/ptm/m/n/10 number of $\OML/cmm/m/it/10 Y$ \T1/ptm/m/n/10 vari-ables kept 
in the model on each com-po-nent $\OML/cmm/m/it/10 Y$ \T1/ptm/m/n/10 if \T1/fi4
/m/n/10 method = "spls"\T1/ptm/m/n/10 . 
[19]
Underfull \vbox (badness 10000) has occurred while \output is active [20]
(/usr/local/texlive/2013/texmf-dist/tex/latex/base/utf8.def) [21]
Overfull \hbox (9.88753pt too wide) in paragraph at lines 1239--1243
[]\T1/ptm/m/n/10 a data frame con-tain-ing the zero- or near-zero pre-dic-tors 
in-for-ma-tion with columns:
(/usr/local/texlive/2013/texmf-dist/tex/latex/base/utf8.def) [22] [23]
Overfull \hbox (1.11601pt too wide) in paragraph at lines 1371--1374
[]\T1/fi4/m/n/10 shape.node[1] \T1/ptm/m/n/10 and \T1/fi4/m/n/10 shape.node[2] 
\T1/ptm/m/n/10 pro-vide the shape of the nodes as-so-ciate to $\OML/cmm/m/it/10
 X$\T1/ptm/m/n/10 - and $\OML/cmm/m/it/10 Y$\T1/ptm/m/n/10 -variables

Overfull \hbox (61.80849pt too wide) in paragraph at lines 1371--1374
\T1/ptm/m/n/10 re-spec-tively. Cur-rent ac-cept-able val-ues are \T1/fi4/m/n/10
 "circle" \T1/ptm/m/n/10 and \T1/fi4/m/n/10 "rectangle"\T1/ptm/m/n/10 . De-faul
ts to \T1/fi4/m/n/10 c("circle", "rectangle")\T1/ptm/m/n/10 . 
[24] (/usr/local/texlive/2013/texmf-dist/tex/latex/base/utf8.def) [25] [26]
(/usr/local/texlive/2013/texmf-dist/tex/latex/base/utf8.def) [27]
(/usr/local/texlive/2013/texmf-dist/tex/latex/base/utf8.def) [28]
Overfull \hbox (10.91003pt too wide) in paragraph at lines 1694--1697
[][][]\T1/fi4/m/n/10 nipals[][][]\T1/ptm/m/n/10 , [][]\T1/fi4/m/n/10 prcomp[][]
[]\T1/ptm/m/n/10 , [][]\T1/fi4/m/n/10 biplot[][][]\T1/ptm/m/n/10 , [][]\T1/fi4/
m/n/10 plotIndiv[][][]\T1/ptm/m/n/10 , [][]\T1/fi4/m/n/10 plotVar[][][]\T1/ptm/
m/n/10 , [][]\T1/fi4/m/n/10 plot3dIndiv[][][]\T1/ptm/m/n/10 , [][]\T1/fi4/m/n/1
0 plot3dVar[][][] \T1/ptm/m/n/10 and http://www.math.univ-
[29] (/usr/local/texlive/2013/texmf-dist/tex/latex/base/utf8.def)
(/usr/local/texlive/2013/texmf-dist/tex/latex/base/utf8.def) [30]
Overfull \hbox (34.78088pt too wide) in paragraph at lines 1764--1764
 []          \T1/fi4/m/n/10 method.predict = c("all", "max.dist", "centroids.di
st", "mahalanobis.dist"),[] 

Overfull \hbox (34.78088pt too wide) in paragraph at lines 1770--1770
 []          \T1/fi4/m/n/10 method.predict = c("all", "max.dist", "centroids.di
st", "mahalanobis.dist"),[] 
[31] [32]
Overfull \hbox (9.78088pt too wide) in paragraph at lines 1884--1884
 []\T1/fi4/m/n/9 matplot(t(liver.val$MSEP), type = l, xlab = PLS components, yl
ab = MSEP for each variable)[] 
[33] (/usr/local/texlive/2013/texmf-dist/tex/latex/base/utf8.def) [34]
Overfull \hbox (9.78088pt too wide) in paragraph at lines 1959--1959
 []\T1/fi4/m/n/10 legend = TRUE, annotation = NA, annotation_colors = NA, annot
ation_legend = TRUE,[] 
[35]
Overfull \hbox (21.0284pt too wide) in paragraph at lines 2005--2006
\T1/ptm/m/n/10 for Pear-son cor-re-la-tion and all the dis-tances sup-ported by
 [][]\T1/fi4/m/n/10 dist[][][]\T1/ptm/m/n/10 , such as \T1/fi4/m/n/10 "euclidea
n"\T1/ptm/m/n/10 ,
[36] [37]
Overfull \hbox (14.28088pt too wide) in paragraph at lines 2113--2113
 []\T1/fi4/m/n/9 col.sample <- c("lightgreen", "red","lightblue","darkorange","
purple","maroon") # 6 samples[] 
(/usr/local/texlive/2013/texmf-dist/tex/latex/base/utf8.def) [38] [39]
(/usr/local/texlive/2013/texmf-dist/tex/latex/base/utf8.def) [40]
(/usr/local/texlive/2013/texmf-dist/tex/latex/base/utf8.def) [41] [42] [43]
(/usr/local/texlive/2013/texmf-dist/tex/latex/base/utf8.def) [44] [45] [46]
(/usr/local/texlive/2013/texmf-dist/tex/latex/base/utf8.def) [47] [48] [49]
(/usr/local/texlive/2013/texmf-dist/tex/latex/base/utf8.def) [50] [51] [52]
[53]
Overfull \hbox (32.28088pt too wide) in paragraph at lines 3031--3031
 []\T1/fi4/m/n/9 plotVar(wrap.result.sgcca, comp = c(1,2), block = c(1,2), ncom
p.select = c(1,2), labels = TRUE)[] 

Overfull \hbox (9.78088pt too wide) in paragraph at lines 3032--3032
 []\T1/fi4/m/n/9 plotVar(wrap.result.sgcca, comp = c(1,2), block = c(1,2), ncom
p.select = 1, labels = TRUE)[] 
(/usr/local/texlive/2013/texmf-dist/tex/latex/base/utf8.def) [54]
Overfull \hbox (51.528pt too wide) in paragraph at lines 3119--3121
[][][]\T1/fi4/m/n/10 spls[][][]\T1/ptm/m/n/10 , [][]\T1/fi4/m/n/10 summary[][][
]\T1/ptm/m/n/10 , [][]\T1/fi4/m/n/10 plotIndiv[][][]\T1/ptm/m/n/10 , [][]\T1/fi
4/m/n/10 plotVar[][][]\T1/ptm/m/n/10 , [][]\T1/fi4/m/n/10 predict[][][]\T1/ptm/
m/n/10 , [][]\T1/fi4/m/n/10 perf[][][] \T1/ptm/m/n/10 and http://www.math.univ-
toulouse.fr/~biostat/mixOmics/
[55] (/usr/local/texlive/2013/texmf-dist/tex/latex/base/utf8.def) [56]
Overfull \hbox (45.43005pt too wide) in paragraph at lines 3209--3212
[][][]\T1/fi4/m/n/10 splsda[][][]\T1/ptm/m/n/10 , [][]\T1/fi4/m/n/10 summary[][
][]\T1/ptm/m/n/10 , [][]\T1/fi4/m/n/10 plotIndiv[][][]\T1/ptm/m/n/10 , [][]\T1/
fi4/m/n/10 plotVar[][][]\T1/ptm/m/n/10 , [][]\T1/fi4/m/n/10 plot3dIndiv[][][]\T
1/ptm/m/n/10 , [][]\T1/fi4/m/n/10 plot3dVar[][][]\T1/ptm/m/n/10 , [][]\T1/fi4/m
/n/10 predict[][][]\T1/ptm/m/n/10 , [][]\T1/fi4/m/n/10 perf[][][] \T1/ptm/m/n/1
0 and http://www.math.univ-
(/usr/local/texlive/2013/texmf-dist/tex/latex/base/utf8.def) [57]
Overfull \hbox (2.08026pt too wide) in paragraph at lines 3279--3282
\T1/ptm/m/n/10 should be a sub-set of \T1/fi4/m/n/10 "centroids.dist"\T1/ptm/m/
n/10 , \T1/fi4/m/n/10 "mahalanobis.dist" \T1/ptm/m/n/10 or \T1/fi4/m/n/10 "max.
dist"
[58] (/usr/local/texlive/2013/texmf-dist/tex/latex/base/utf8.def) [59]
Overfull \hbox (0.37996pt too wide) in paragraph at lines 3385--3387
[]\T1/ptm/m/n/10 Produce \T1/fi4/m/n/10 print \T1/ptm/m/n/10 meth-ods for class
 \T1/fi4/m/n/10 "rcc"\T1/ptm/m/n/10 , \T1/fi4/m/n/10 "pls"\T1/ptm/m/n/10 , \T1/
fi4/m/n/10 "spls"\T1/ptm/m/n/10 , \T1/fi4/m/n/10 "pca"\T1/ptm/m/n/10 , \T1/fi4/
m/n/10 "rgcca"\T1/ptm/m/n/10 , \T1/fi4/m/n/10 "sgcca" \T1/ptm/m/n/10 and \T1/fi
4/m/n/10 "summary"\T1/ptm/m/n/10 . 
[60] (/usr/local/texlive/2013/texmf-dist/tex/latex/base/utf8.def) [61]
(/usr/local/texlive/2013/texmf-dist/tex/latex/base/utf8.def) [62]
(/usr/local/texlive/2013/texmf-dist/tex/latex/base/utf8.def) [63]
Overfull \hbox (132.59837pt too wide) in paragraph at lines 3665--3667
[]\T1/ptm/m/n/10 character string in-di-cat-ing the sub-title po-si-tion \T1/fi
4/m/n/10 ("topleft", "topright", "bottomleft", "bottomright")\T1/ptm/m/n/10 . 
[64] (/usr/local/texlive/2013/texmf-dist/tex/latex/base/utf8.def) [65]
(/usr/local/texlive/2013/texmf-dist/tex/latex/base/utf8.def) [66] [67]
(/usr/local/texlive/2013/texmf-dist/tex/latex/base/utf8.def) [68]
Overfull \hbox (76.528pt too wide) in paragraph at lines 3937--3940
[][][]\T1/fi4/m/n/10 ipca[][][]\T1/ptm/m/n/10 , [][]\T1/fi4/m/n/10 pca[][][]\T1
/ptm/m/n/10 , [][]\T1/fi4/m/n/10 plotIndiv[][][]\T1/ptm/m/n/10 , [][]\T1/fi4/m/
n/10 plotVar[][][]\T1/ptm/m/n/10 , [][]\T1/fi4/m/n/10 plot3dIndiv[][][]\T1/ptm/
m/n/10 , [][]\T1/fi4/m/n/10 plot3dVar[][][] \T1/ptm/m/n/10 and http://www.math.
univ-toulouse.fr/~biostat/mixOmics/
[69] (/usr/local/texlive/2013/texmf-dist/tex/latex/base/utf8.def) [70]
(/usr/local/texlive/2013/texmf-dist/tex/latex/base/utf8.def) [71] [72]
(/usr/local/texlive/2013/texmf-dist/tex/latex/base/utf8.def) [73] [74]
(/usr/local/texlive/2013/texmf-dist/tex/latex/base/utf8.def) [75]
(/usr/local/texlive/2013/texmf-dist/tex/latex/base/utf8.def) [76] [77]
(/usr/local/texlive/2013/texmf-dist/tex/latex/base/utf8.def) [78] [79] [80]
(/usr/local/texlive/2013/texmf-dist/tex/latex/base/utf8.def) [81]
(/usr/local/texlive/2013/texmf-dist/tex/latex/base/utf8.def) [82]
Overfull \hbox (54.30898pt too wide) in paragraph at lines 4714--4717
\T1/ptm/m/n/10 validation score should be com-puted. De-faults to \T1/fi4/m/n/1
0 grid1=grid2=seq(0.001, 1, length=5)\T1/ptm/m/n/10 . 
[83] (/usr/local/texlive/2013/texmf-dist/tex/latex/base/utf8.def) [84]
(/usr/local/texlive/2013/texmf-dist/tex/latex/base/utf8.def) [85]
(/usr/local/texlive/2013/texmf-dist/tex/latex/base/utf8.def) [86]
(/usr/local/texlive/2013/texmf-dist/tex/latex/base/utf8.def) [87]
(/usr/local/texlive/2013/texmf-dist/tex/latex/base/utf8.def)
Overfull \hbox (4.78088pt too wide) in paragraph at lines 5024--5024
 []\T1/fi4/m/n/10 wrapper.rgcca(data, design = 1 - diag(length(data)), tau = re
p(1, length(data)),[] 

Overfull \hbox (4.78088pt too wide) in paragraph at lines 5025--5025
 []  \T1/fi4/m/n/10 ncomp = rep(1, length(data)), scheme = "centroid", scale = 
TRUE, init = "svd",[] 
[88] [89] (/usr/local/texlive/2013/texmf-dist/tex/latex/base/utf8.def) [90]
Overfull \hbox (24.78088pt too wide) in paragraph at lines 5134--5134
 []\T1/fi4/m/n/10 wrapper.sgcca(data, design = 1 - diag(length(data)), penalty 
= rep(1, length(data)),[] 

Overfull \hbox (4.78088pt too wide) in paragraph at lines 5135--5135
 []  \T1/fi4/m/n/10 ncomp = rep(1, length(data)), scheme = "centroid", scale = 
TRUE, init = "svd",[] 
[91] [92] (/usr/local/texlive/2013/texmf-dist/tex/latex/base/utf8.def)
(./Rd2.ind [93] [94]

LaTeX Font Warning: Font shape `T1/fi4/m/it' undefined
(Font)              using `T1/fi4/m/n' instead on input line 106.

[95] [96]) (./Rd2.aux)

Package rerunfilecheck Warning: File `Rd2.out' has changed.
(rerunfilecheck)                Rerun to get outlines right
(rerunfilecheck)                or use package `bookmark'.


LaTeX Font Warning: Some font shapes were not available, defaults substituted.

 )
(see the transcript file for additional information)pdfTeX warning (dest): name
{Rfn.sgcca} has been referenced but does not exist, replaced by a fixed one

pdfTeX warning (dest): name{Rfn.rgcca} has been referenced but does not exist, 
replaced by a fixed one

pdfTeX warning (dest): name{Rfn.split} has been referenced but does not exist, 
replaced by a fixed one

pdfTeX warning (dest): name{Rfn.text} has been referenced but does not exist, r
eplaced by a fixed one

pdfTeX warning (dest): name{Rfn.rgl.postscript} has been referenced but does no
t exist, replaced by a fixed one

pdfTeX warning (dest): name{Rfn.text3d} has been referenced but does not exist,
 replaced by a fixed one

pdfTeX warning (dest): name{Rfn.title3d} has been referenced but does not exist
, replaced by a fixed one

pdfTeX warning (dest): name{Rfn.barplot} has been referenced but does not exist
, replaced by a fixed one

pdfTeX warning (dest): name{Rfn.points} has been referenced but does not exist,
 replaced by a fixed one

pdfTeX warning (dest): name{Rfn.xyplot} has been referenced but does not exist,
 replaced by a fixed one

pdfTeX warning (dest): name{Rfn.pheatmap} has been referenced but does not exis
t, replaced by a fixed one

pdfTeX warning (dest): name{Rfn.gpar} has been referenced but does not exist, r
eplaced by a fixed one

pdfTeX warning (dest): name{Rfn.grid.text} has been referenced but does not exi
st, replaced by a fixed one

pdfTeX warning (dest): name{Rfn.biplot} has been referenced but does not exist,
 replaced by a fixed one

pdfTeX warning (dest): name{Rfn.scale} has been referenced but does not exist, 
replaced by a fixed one

pdfTeX warning (dest): name{Rfn.eigen} has been referenced but does not exist, 
replaced by a fixed one

pdfTeX warning (dest): name{Rfn.prcomp} has been referenced but does not exist,
 replaced by a fixed one

pdfTeX warning (dest): name{Rfn.princomp} has been referenced but does not exis
t, replaced by a fixed one

pdfTeX warning (dest): name{Rfn.svd} has been referenced but does not exist, re
placed by a fixed one

pdfTeX warning (dest): name{Rfn.gray} has been referenced but does not exist, r
eplaced by a fixed one

pdfTeX warning (dest): name{Rfn.hsv} has been referenced but does not exist, re
placed by a fixed one

pdfTeX warning (dest): name{Rfn.colors} has been referenced but does not exist,
 replaced by a fixed one

pdfTeX warning (dest): name{Rfn.palette} has been referenced but does not exist
, replaced by a fixed one

pdfTeX warning (dest): name{Rfn.colorRamp} has been referenced but does not exi
st, replaced by a fixed one

pdfTeX warning (dest): name{Rfn.cor} has been referenced but does not exist, re
placed by a fixed one

pdfTeX warning (dest): name{Rfn.heat.colors} has been referenced but does not e
xist, replaced by a fixed one

pdfTeX warning (dest): name{Rfn.heatmap} has been referenced but does not exist
, replaced by a fixed one

pdfTeX warning (dest): name{Rfn.order.dendrogram} has been referenced but does 
not exist, replaced by a fixed one

pdfTeX warning (dest): name{Rfn.par} has been referenced but does not exist, re
placed by a fixed one

pdfTeX warning (dest): name{Rfn.hclust} has been referenced but does not exist,
 replaced by a fixed one

pdfTeX warning (dest): name{Rfn.rainbow} has been referenced but does not exist
, replaced by a fixed one

pdfTeX warning (dest): name{Rfn.topo.colors} has been referenced but does not e
xist, replaced by a fixed one

pdfTeX warning (dest): name{Rfn.terrain.colors} has been referenced but does no
t exist, replaced by a fixed one

pdfTeX warning (dest): name{Rfn.dist} has been referenced but does not exist, r
eplaced by a fixed one

{/usr/local/texlive/2013/texmf-dist/fonts/enc/dvips/base/8r.enc}{/usr/local/tex
live/2013/texmf-dist/fonts/enc/dvips/inconsolata/fi4-ec.enc}</usr/local/texlive
/2013/texmf-dist/fonts/type1/public/inconsolata/Inconsolata.pfb></usr/local/tex
live/2013/texmf-dist/fonts/type1/public/amsfonts/cm/cmmi10.pfb></usr/local/texl
ive/2013/texmf-dist/fonts/type1/public/amsfonts/cm/cmmi7.pfb></usr/local/texliv
e/2013/texmf-dist/fonts/type1/public/amsfonts/cm/cmr10.pfb></usr/local/texlive/
2013/texmf-dist/fonts/type1/public/amsfonts/cm/cmr7.pfb></usr/local/texlive/201
3/texmf-dist/fonts/type1/public/amsfonts/cm/cmsy10.pfb></usr/local/texlive/2013
/texmf-dist/fonts/type1/urw/helvetic/uhvr8a.pfb></usr/local/texlive/2013/texmf-
dist/fonts/type1/urw/times/utmb8a.pfb></usr/local/texlive/2013/texmf-dist/fonts
/type1/urw/times/utmr8a.pfb></usr/local/texlive/2013/texmf-dist/fonts/type1/urw
/times/utmr8a.pfb></usr/local/texlive/2013/texmf-dist/fonts/type1/urw/times/utm
ri8a.pfb>
Output written on Rd2.pdf (96 pages, 351412 bytes).
Transcript written on Rd2.log.
This is makeindex, version 2.15 [TeX Live 2013] (kpathsea + Thai support).
Scanning input file ./Rd2.idx....done (394 entries accepted, 0 rejected).
Sorting entries......done (3910 comparisons).
Generating output file ./Rd2.ind....done (439 lines written, 2 warnings).
Output written in ./Rd2.ind.
Transcript written in ./Rd2.ilg.
This is pdfTeX, Version 3.1415926-2.5-1.40.14 (TeX Live 2013)
 restricted \write18 enabled.
entering extended mode

(/private/var/folders/lt/g4z_nqwd0wg2kchtprc96bhrg9wlx_/T/RtmpHSyX6N/Rd2pdf7fc0
4c46c716/Rd2.tex
LaTeX2e <2011/06/27>
Babel <3.9f> and hyphenation patterns for 78 languages loaded.

(/usr/local/texlive/2013/texmf-dist/tex/latex/base/book.cls
Document Class: book 2007/10/19 v1.4h Standard LaTeX document class
(/usr/local/texlive/2013/texmf-dist/tex/latex/base/bk10.clo))
(/Library/Frameworks/R.framework/Resources/share/texmf/tex/latex/Rd.sty
(/usr/local/texlive/2013/texmf-dist/tex/latex/base/ifthen.sty)
(/usr/local/texlive/2013/texmf-dist/tex/latex/tools/longtable.sty)
(/usr/local/texlive/2013/texmf-dist/tex/latex/tools/bm.sty)
(/usr/local/texlive/2013/texmf-dist/tex/latex/base/alltt.sty)
(/usr/local/texlive/2013/texmf-dist/tex/latex/tools/verbatim.sty)
(/usr/local/texlive/2013/texmf-dist/tex/latex/url/url.sty)
(/usr/local/texlive/2013/texmf-dist/tex/latex/base/textcomp.sty
(/usr/local/texlive/2013/texmf-dist/tex/latex/base/ts1enc.def))
(/usr/local/texlive/2013/texmf-dist/tex/latex/base/fontenc.sty
(/usr/local/texlive/2013/texmf-dist/tex/latex/base/t1enc.def))
(/usr/local/texlive/2013/texmf-dist/tex/latex/psnfss/times.sty)
(/usr/local/texlive/2013/texmf-dist/tex/latex/inconsolata/inconsolata.sty
(/usr/local/texlive/2013/texmf-dist/tex/latex/graphics/keyval.sty))
(/usr/local/texlive/2013/texmf-dist/tex/latex/graphics/color.sty
(/usr/local/texlive/2013/texmf-dist/tex/latex/latexconfig/color.cfg)
(/usr/local/texlive/2013/texmf-dist/tex/latex/pdftex-def/pdftex.def
(/usr/local/texlive/2013/texmf-dist/tex/generic/oberdiek/infwarerr.sty)
(/usr/local/texlive/2013/texmf-dist/tex/generic/oberdiek/ltxcmds.sty)))
(/usr/local/texlive/2013/texmf-dist/tex/latex/hyperref/hyperref.sty
(/usr/local/texlive/2013/texmf-dist/tex/generic/oberdiek/hobsub-hyperref.sty
(/usr/local/texlive/2013/texmf-dist/tex/generic/oberdiek/hobsub-generic.sty))
(/usr/local/texlive/2013/texmf-dist/tex/generic/ifxetex/ifxetex.sty)
(/usr/local/texlive/2013/texmf-dist/tex/latex/oberdiek/auxhook.sty)
(/usr/local/texlive/2013/texmf-dist/tex/latex/oberdiek/kvoptions.sty)
(/usr/local/texlive/2013/texmf-dist/tex/latex/hyperref/pd1enc.def)
(/usr/local/texlive/2013/texmf-dist/tex/latex/latexconfig/hyperref.cfg))

Package hyperref Message: Driver (autodetected): hpdftex.

(/usr/local/texlive/2013/texmf-dist/tex/latex/hyperref/hpdftex.def
(/usr/local/texlive/2013/texmf-dist/tex/latex/oberdiek/rerunfilecheck.sty))

Package hyperref Warning: Option `hyperindex' has already been used,
(hyperref)                setting the option has no effect on input line 361.


Package hyperref Warning: Option `pagebackref' has already been used,
(hyperref)                setting the option has no effect on input line 361.

) (/usr/local/texlive/2013/texmf-dist/tex/latex/base/makeidx.sty)
(/usr/local/texlive/2013/texmf-dist/tex/latex/base/inputenc.sty
(/usr/local/texlive/2013/texmf-dist/tex/latex/base/utf8.def
(/usr/local/texlive/2013/texmf-dist/tex/latex/base/t1enc.dfu)
(/usr/local/texlive/2013/texmf-dist/tex/latex/base/ot1enc.dfu)
(/usr/local/texlive/2013/texmf-dist/tex/latex/base/omsenc.dfu)
(/usr/local/texlive/2013/texmf-dist/tex/latex/base/ts1enc.dfu))
(/usr/local/texlive/2013/texmf-dist/tex/latex/base/latin1.def))
Writing index file Rd2.idx
(./Rd2.aux) (/usr/local/texlive/2013/texmf-dist/tex/latex/base/ts1cmr.fd)
(/usr/local/texlive/2013/texmf-dist/tex/latex/psnfss/t1ptm.fd)
(/usr/local/texlive/2013/texmf-dist/tex/context/base/supp-pdf.mkii
[Loading MPS to PDF converter (version 2006.09.02).]
) (/usr/local/texlive/2013/texmf-dist/tex/latex/hyperref/nameref.sty
(/usr/local/texlive/2013/texmf-dist/tex/generic/oberdiek/gettitlestring.sty))
(./Rd2.out) (./Rd2.out)
(/usr/local/texlive/2013/texmf-dist/tex/latex/inconsolata/t1fi4.fd)
(/usr/local/texlive/2013/texmf-dist/tex/latex/psnfss/t1phv.fd) (./Rd2.toc
[1{/usr/local/texlive/2013/texmf-var/fonts/map/pdftex/updmap/pdftex.map}]
[2]) (/usr/local/texlive/2013/texmf-dist/tex/latex/base/utf8.def)
Overfull \hbox (17.91803pt too wide) in paragraph at lines 75--78
[]\T1/ptm/m/n/10 a list con-tain-ing two char-ac-ter vec-tor com-po-nents: \T1/
fi4/m/n/10 name \T1/ptm/m/n/10 the name of the genes, and \T1/fi4/m/n/10 descri
ption

Overfull \hbox (9.99785pt too wide) in paragraph at lines 93--97
\T1/ptm/m/n/10 was down-loaded from the Stan-ford Ge-nomics Breast Can-cer Con-
sor-tium Por-tal [][]$\T1/fi4/m/n/10 http : / / genome-[]www .
(/usr/local/texlive/2013/texmf-dist/tex/latex/base/utf8.def) [3]
(/usr/local/texlive/2013/texmf-dist/tex/latex/inconsolata/ts1fi4.fd)
Overfull \hbox (31.46849pt too wide) in paragraph at lines 170--173
[]\T1/ptm/m/n/10 a char-ac-ter string spec-i-fy-ing the col-ors func-tion to us
e: [][]\T1/fi4/m/n/10 terrain.colors[][][]\T1/ptm/m/n/10 , [][]\T1/fi4/m/n/10 t
opo.colors[][][]\T1/ptm/m/n/10 ,
[4] [5]
Overfull \hbox (66.528pt too wide) in paragraph at lines 264--266
[][][]\T1/fi4/m/n/10 image[][][]\T1/ptm/m/n/10 , [][]\T1/fi4/m/n/10 heatmap[][]
[]\T1/ptm/m/n/10 , [][]\T1/fi4/m/n/10 hclust[][][]\T1/ptm/m/n/10 , [][]\T1/fi4/
m/n/10 plotVar[][][]\T1/ptm/m/n/10 , [][]\T1/fi4/m/n/10 plot3dVar[][][]\T1/ptm/
m/n/10 , [][]\T1/fi4/m/n/10 network[][][] \T1/ptm/m/n/10 and http://www.math.un
iv-toulouse.fr/~biostat/mixOmics/
[6] (/usr/local/texlive/2013/texmf-dist/tex/latex/base/utf8.def)
(/usr/local/texlive/2013/texmf-dist/tex/latex/base/utf8.def) [7]
(/usr/local/texlive/2013/texmf-dist/tex/latex/base/utf8.def)
Overfull \hbox (31.46849pt too wide) in paragraph at lines 374--377
[]\T1/ptm/m/n/10 a char-ac-ter string spec-i-fy-ing the col-ors func-tion to us
e: [][]\T1/fi4/m/n/10 terrain.colors[][][]\T1/ptm/m/n/10 , [][]\T1/fi4/m/n/10 t
opo.colors[][][]\T1/ptm/m/n/10 ,

Overfull \hbox (4.26794pt too wide) in paragraph at lines 382--386
[]\T1/fi4/m/n/10 image.estim.regul \T1/ptm/m/n/10 cre-ates an im-age map of the
 ma-trix \T1/fi4/m/n/10 object$mat \T1/ptm/m/n/10 con-tain-ing the cross-valida
tion
(/usr/local/texlive/2013/texmf-dist/tex/latex/base/utf8.def) [8]
(/usr/local/texlive/2013/texmf-dist/tex/latex/base/utf8.def) [9]
(/usr/local/texlive/2013/texmf-dist/tex/latex/base/utf8.def)
(/usr/local/texlive/2013/texmf-dist/tex/latex/base/utf8.def) [10] [11]
Overfull \hbox (81.528pt too wide) in paragraph at lines 607--611
[][][]\T1/fi4/m/n/10 sipca[][][]\T1/ptm/m/n/10 , [][]\T1/fi4/m/n/10 pca[][][]\T
1/ptm/m/n/10 , [][]\T1/fi4/m/n/10 plotIndiv[][][]\T1/ptm/m/n/10 , [][]\T1/fi4/m
/n/10 plotVar[][][]\T1/ptm/m/n/10 , [][]\T1/fi4/m/n/10 plot3dIndiv[][][]\T1/ptm
/m/n/10 , [][]\T1/fi4/m/n/10 plot3dVar[][][] \T1/ptm/m/n/10 and http://www.math
.univ-toulouse.fr/~biostat/mixOmics/
(/usr/local/texlive/2013/texmf-dist/tex/latex/base/utf8.def) [12]
(/usr/local/texlive/2013/texmf-dist/tex/latex/base/utf8.def) [13]
(/usr/local/texlive/2013/texmf-dist/tex/latex/base/utf8.def) [14]
(/usr/local/texlive/2013/texmf-dist/tex/latex/base/utf8.def) [15]
(/usr/local/texlive/2013/texmf-dist/tex/latex/base/utf8.def) [16]
(/usr/local/texlive/2013/texmf-dist/tex/latex/psnfss/ts1ptm.fd)
(/usr/local/texlive/2013/texmf-dist/tex/latex/base/utf8.def) [17] [18]
Overfull \hbox (16.0246pt too wide) in paragraph at lines 1052--1054
[]\T1/ptm/m/n/10 number of $\OML/cmm/m/it/10 Y$ \T1/ptm/m/n/10 vari-ables kept 
in the model on each com-po-nent $\OML/cmm/m/it/10 Y$ \T1/ptm/m/n/10 if \T1/fi4
/m/n/10 method = "spls"\T1/ptm/m/n/10 . 
[19]
Underfull \vbox (badness 10000) has occurred while \output is active [20]
(/usr/local/texlive/2013/texmf-dist/tex/latex/base/utf8.def) [21]
Overfull \hbox (9.88753pt too wide) in paragraph at lines 1239--1243
[]\T1/ptm/m/n/10 a data frame con-tain-ing the zero- or near-zero pre-dic-tors 
in-for-ma-tion with columns:
(/usr/local/texlive/2013/texmf-dist/tex/latex/base/utf8.def) [22] [23]
Overfull \hbox (1.11601pt too wide) in paragraph at lines 1371--1374
[]\T1/fi4/m/n/10 shape.node[1] \T1/ptm/m/n/10 and \T1/fi4/m/n/10 shape.node[2] 
\T1/ptm/m/n/10 pro-vide the shape of the nodes as-so-ciate to $\OML/cmm/m/it/10
 X$\T1/ptm/m/n/10 - and $\OML/cmm/m/it/10 Y$\T1/ptm/m/n/10 -variables

Overfull \hbox (61.80849pt too wide) in paragraph at lines 1371--1374
\T1/ptm/m/n/10 re-spec-tively. Cur-rent ac-cept-able val-ues are \T1/fi4/m/n/10
 "circle" \T1/ptm/m/n/10 and \T1/fi4/m/n/10 "rectangle"\T1/ptm/m/n/10 . De-faul
ts to \T1/fi4/m/n/10 c("circle", "rectangle")\T1/ptm/m/n/10 . 
[24] (/usr/local/texlive/2013/texmf-dist/tex/latex/base/utf8.def) [25] [26]
(/usr/local/texlive/2013/texmf-dist/tex/latex/base/utf8.def) [27]
(/usr/local/texlive/2013/texmf-dist/tex/latex/base/utf8.def) [28]
Overfull \hbox (10.91003pt too wide) in paragraph at lines 1694--1697
[][][]\T1/fi4/m/n/10 nipals[][][]\T1/ptm/m/n/10 , [][]\T1/fi4/m/n/10 prcomp[][]
[]\T1/ptm/m/n/10 , [][]\T1/fi4/m/n/10 biplot[][][]\T1/ptm/m/n/10 , [][]\T1/fi4/
m/n/10 plotIndiv[][][]\T1/ptm/m/n/10 , [][]\T1/fi4/m/n/10 plotVar[][][]\T1/ptm/
m/n/10 , [][]\T1/fi4/m/n/10 plot3dIndiv[][][]\T1/ptm/m/n/10 , [][]\T1/fi4/m/n/1
0 plot3dVar[][][] \T1/ptm/m/n/10 and http://www.math.univ-
[29] (/usr/local/texlive/2013/texmf-dist/tex/latex/base/utf8.def)
(/usr/local/texlive/2013/texmf-dist/tex/latex/base/utf8.def) [30]
Overfull \hbox (34.78088pt too wide) in paragraph at lines 1764--1764
 []          \T1/fi4/m/n/10 method.predict = c("all", "max.dist", "centroids.di
st", "mahalanobis.dist"),[] 

Overfull \hbox (34.78088pt too wide) in paragraph at lines 1770--1770
 []          \T1/fi4/m/n/10 method.predict = c("all", "max.dist", "centroids.di
st", "mahalanobis.dist"),[] 
[31] [32]
Overfull \hbox (9.78088pt too wide) in paragraph at lines 1884--1884
 []\T1/fi4/m/n/9 matplot(t(liver.val$MSEP), type = l, xlab = PLS components, yl
ab = MSEP for each variable)[] 
[33] (/usr/local/texlive/2013/texmf-dist/tex/latex/base/utf8.def) [34]
Overfull \hbox (9.78088pt too wide) in paragraph at lines 1959--1959
 []\T1/fi4/m/n/10 legend = TRUE, annotation = NA, annotation_colors = NA, annot
ation_legend = TRUE,[] 
[35]
Overfull \hbox (21.0284pt too wide) in paragraph at lines 2005--2006
\T1/ptm/m/n/10 for Pear-son cor-re-la-tion and all the dis-tances sup-ported by
 [][]\T1/fi4/m/n/10 dist[][][]\T1/ptm/m/n/10 , such as \T1/fi4/m/n/10 "euclidea
n"\T1/ptm/m/n/10 ,
[36] [37]
Overfull \hbox (14.28088pt too wide) in paragraph at lines 2113--2113
 []\T1/fi4/m/n/9 col.sample <- c("lightgreen", "red","lightblue","darkorange","
purple","maroon") # 6 samples[] 
(/usr/local/texlive/2013/texmf-dist/tex/latex/base/utf8.def) [38] [39]
(/usr/local/texlive/2013/texmf-dist/tex/latex/base/utf8.def) [40]
(/usr/local/texlive/2013/texmf-dist/tex/latex/base/utf8.def) [41] [42] [43]
(/usr/local/texlive/2013/texmf-dist/tex/latex/base/utf8.def) [44] [45] [46]
(/usr/local/texlive/2013/texmf-dist/tex/latex/base/utf8.def) [47] [48] [49]
(/usr/local/texlive/2013/texmf-dist/tex/latex/base/utf8.def) [50] [51] [52]
[53]
Overfull \hbox (32.28088pt too wide) in paragraph at lines 3031--3031
 []\T1/fi4/m/n/9 plotVar(wrap.result.sgcca, comp = c(1,2), block = c(1,2), ncom
p.select = c(1,2), labels = TRUE)[] 

Overfull \hbox (9.78088pt too wide) in paragraph at lines 3032--3032
 []\T1/fi4/m/n/9 plotVar(wrap.result.sgcca, comp = c(1,2), block = c(1,2), ncom
p.select = 1, labels = TRUE)[] 
(/usr/local/texlive/2013/texmf-dist/tex/latex/base/utf8.def) [54]
Overfull \hbox (51.528pt too wide) in paragraph at lines 3119--3121
[][][]\T1/fi4/m/n/10 spls[][][]\T1/ptm/m/n/10 , [][]\T1/fi4/m/n/10 summary[][][
]\T1/ptm/m/n/10 , [][]\T1/fi4/m/n/10 plotIndiv[][][]\T1/ptm/m/n/10 , [][]\T1/fi
4/m/n/10 plotVar[][][]\T1/ptm/m/n/10 , [][]\T1/fi4/m/n/10 predict[][][]\T1/ptm/
m/n/10 , [][]\T1/fi4/m/n/10 perf[][][] \T1/ptm/m/n/10 and http://www.math.univ-
toulouse.fr/~biostat/mixOmics/
[55] (/usr/local/texlive/2013/texmf-dist/tex/latex/base/utf8.def) [56]
Overfull \hbox (45.43005pt too wide) in paragraph at lines 3209--3212
[][][]\T1/fi4/m/n/10 splsda[][][]\T1/ptm/m/n/10 , [][]\T1/fi4/m/n/10 summary[][
][]\T1/ptm/m/n/10 , [][]\T1/fi4/m/n/10 plotIndiv[][][]\T1/ptm/m/n/10 , [][]\T1/
fi4/m/n/10 plotVar[][][]\T1/ptm/m/n/10 , [][]\T1/fi4/m/n/10 plot3dIndiv[][][]\T
1/ptm/m/n/10 , [][]\T1/fi4/m/n/10 plot3dVar[][][]\T1/ptm/m/n/10 , [][]\T1/fi4/m
/n/10 predict[][][]\T1/ptm/m/n/10 , [][]\T1/fi4/m/n/10 perf[][][] \T1/ptm/m/n/1
0 and http://www.math.univ-
(/usr/local/texlive/2013/texmf-dist/tex/latex/base/utf8.def) [57]
Overfull \hbox (2.08026pt too wide) in paragraph at lines 3279--3282
\T1/ptm/m/n/10 should be a sub-set of \T1/fi4/m/n/10 "centroids.dist"\T1/ptm/m/
n/10 , \T1/fi4/m/n/10 "mahalanobis.dist" \T1/ptm/m/n/10 or \T1/fi4/m/n/10 "max.
dist"
[58] (/usr/local/texlive/2013/texmf-dist/tex/latex/base/utf8.def) [59]
Overfull \hbox (0.37996pt too wide) in paragraph at lines 3385--3387
[]\T1/ptm/m/n/10 Produce \T1/fi4/m/n/10 print \T1/ptm/m/n/10 meth-ods for class
 \T1/fi4/m/n/10 "rcc"\T1/ptm/m/n/10 , \T1/fi4/m/n/10 "pls"\T1/ptm/m/n/10 , \T1/
fi4/m/n/10 "spls"\T1/ptm/m/n/10 , \T1/fi4/m/n/10 "pca"\T1/ptm/m/n/10 , \T1/fi4/
m/n/10 "rgcca"\T1/ptm/m/n/10 , \T1/fi4/m/n/10 "sgcca" \T1/ptm/m/n/10 and \T1/fi
4/m/n/10 "summary"\T1/ptm/m/n/10 . 
[60] (/usr/local/texlive/2013/texmf-dist/tex/latex/base/utf8.def) [61]
(/usr/local/texlive/2013/texmf-dist/tex/latex/base/utf8.def) [62]
(/usr/local/texlive/2013/texmf-dist/tex/latex/base/utf8.def) [63]
Overfull \hbox (132.59837pt too wide) in paragraph at lines 3665--3667
[]\T1/ptm/m/n/10 character string in-di-cat-ing the sub-title po-si-tion \T1/fi
4/m/n/10 ("topleft", "topright", "bottomleft", "bottomright")\T1/ptm/m/n/10 . 
[64] (/usr/local/texlive/2013/texmf-dist/tex/latex/base/utf8.def) [65]
(/usr/local/texlive/2013/texmf-dist/tex/latex/base/utf8.def) [66] [67]
(/usr/local/texlive/2013/texmf-dist/tex/latex/base/utf8.def) [68]
Overfull \hbox (76.528pt too wide) in paragraph at lines 3937--3940
[][][]\T1/fi4/m/n/10 ipca[][][]\T1/ptm/m/n/10 , [][]\T1/fi4/m/n/10 pca[][][]\T1
/ptm/m/n/10 , [][]\T1/fi4/m/n/10 plotIndiv[][][]\T1/ptm/m/n/10 , [][]\T1/fi4/m/
n/10 plotVar[][][]\T1/ptm/m/n/10 , [][]\T1/fi4/m/n/10 plot3dIndiv[][][]\T1/ptm/
m/n/10 , [][]\T1/fi4/m/n/10 plot3dVar[][][] \T1/ptm/m/n/10 and http://www.math.
univ-toulouse.fr/~biostat/mixOmics/
[69] (/usr/local/texlive/2013/texmf-dist/tex/latex/base/utf8.def) [70]
(/usr/local/texlive/2013/texmf-dist/tex/latex/base/utf8.def) [71] [72]
(/usr/local/texlive/2013/texmf-dist/tex/latex/base/utf8.def) [73] [74]
(/usr/local/texlive/2013/texmf-dist/tex/latex/base/utf8.def) [75]
(/usr/local/texlive/2013/texmf-dist/tex/latex/base/utf8.def) [76] [77]
(/usr/local/texlive/2013/texmf-dist/tex/latex/base/utf8.def) [78] [79] [80]
(/usr/local/texlive/2013/texmf-dist/tex/latex/base/utf8.def) [81]
(/usr/local/texlive/2013/texmf-dist/tex/latex/base/utf8.def) [82]
Overfull \hbox (54.30898pt too wide) in paragraph at lines 4714--4717
\T1/ptm/m/n/10 validation score should be com-puted. De-faults to \T1/fi4/m/n/1
0 grid1=grid2=seq(0.001, 1, length=5)\T1/ptm/m/n/10 . 
[83] (/usr/local/texlive/2013/texmf-dist/tex/latex/base/utf8.def) [84]
(/usr/local/texlive/2013/texmf-dist/tex/latex/base/utf8.def) [85]
(/usr/local/texlive/2013/texmf-dist/tex/latex/base/utf8.def) [86]
(/usr/local/texlive/2013/texmf-dist/tex/latex/base/utf8.def) [87]
(/usr/local/texlive/2013/texmf-dist/tex/latex/base/utf8.def)
Overfull \hbox (4.78088pt too wide) in paragraph at lines 5024--5024
 []\T1/fi4/m/n/10 wrapper.rgcca(data, design = 1 - diag(length(data)), tau = re
p(1, length(data)),[] 

Overfull \hbox (4.78088pt too wide) in paragraph at lines 5025--5025
 []  \T1/fi4/m/n/10 ncomp = rep(1, length(data)), scheme = "centroid", scale = 
TRUE, init = "svd",[] 
[88] [89] (/usr/local/texlive/2013/texmf-dist/tex/latex/base/utf8.def) [90]
Overfull \hbox (24.78088pt too wide) in paragraph at lines 5134--5134
 []\T1/fi4/m/n/10 wrapper.sgcca(data, design = 1 - diag(length(data)), penalty 
= rep(1, length(data)),[] 

Overfull \hbox (4.78088pt too wide) in paragraph at lines 5135--5135
 []  \T1/fi4/m/n/10 ncomp = rep(1, length(data)), scheme = "centroid", scale = 
TRUE, init = "svd",[] 
[91] [92] (/usr/local/texlive/2013/texmf-dist/tex/latex/base/utf8.def)
(./Rd2.ind [93] [94]

LaTeX Font Warning: Font shape `T1/fi4/m/it' undefined
(Font)              using `T1/fi4/m/n' instead on input line 106.

[95] [96]) (./Rd2.aux)

LaTeX Font Warning: Some font shapes were not available, defaults substituted.

 )
(see the transcript file for additional information)pdfTeX warning (dest): name
{Rfn.sgcca} has been referenced but does not exist, replaced by a fixed one

pdfTeX warning (dest): name{Rfn.rgcca} has been referenced but does not exist, 
replaced by a fixed one

pdfTeX warning (dest): name{Rfn.split} has been referenced but does not exist, 
replaced by a fixed one

pdfTeX warning (dest): name{Rfn.text} has been referenced but does not exist, r
eplaced by a fixed one

pdfTeX warning (dest): name{Rfn.rgl.postscript} has been referenced but does no
t exist, replaced by a fixed one

pdfTeX warning (dest): name{Rfn.text3d} has been referenced but does not exist,
 replaced by a fixed one

pdfTeX warning (dest): name{Rfn.title3d} has been referenced but does not exist
, replaced by a fixed one

pdfTeX warning (dest): name{Rfn.barplot} has been referenced but does not exist
, replaced by a fixed one

pdfTeX warning (dest): name{Rfn.points} has been referenced but does not exist,
 replaced by a fixed one

pdfTeX warning (dest): name{Rfn.xyplot} has been referenced but does not exist,
 replaced by a fixed one

pdfTeX warning (dest): name{Rfn.pheatmap} has been referenced but does not exis
t, replaced by a fixed one

pdfTeX warning (dest): name{Rfn.gpar} has been referenced but does not exist, r
eplaced by a fixed one

pdfTeX warning (dest): name{Rfn.grid.text} has been referenced but does not exi
st, replaced by a fixed one

pdfTeX warning (dest): name{Rfn.biplot} has been referenced but does not exist,
 replaced by a fixed one

pdfTeX warning (dest): name{Rfn.scale} has been referenced but does not exist, 
replaced by a fixed one

pdfTeX warning (dest): name{Rfn.eigen} has been referenced but does not exist, 
replaced by a fixed one

pdfTeX warning (dest): name{Rfn.prcomp} has been referenced but does not exist,
 replaced by a fixed one

pdfTeX warning (dest): name{Rfn.princomp} has been referenced but does not exis
t, replaced by a fixed one

pdfTeX warning (dest): name{Rfn.svd} has been referenced but does not exist, re
placed by a fixed one

pdfTeX warning (dest): name{Rfn.gray} has been referenced but does not exist, r
eplaced by a fixed one

pdfTeX warning (dest): name{Rfn.hsv} has been referenced but does not exist, re
placed by a fixed one

pdfTeX warning (dest): name{Rfn.colors} has been referenced but does not exist,
 replaced by a fixed one

pdfTeX warning (dest): name{Rfn.palette} has been referenced but does not exist
, replaced by a fixed one

pdfTeX warning (dest): name{Rfn.colorRamp} has been referenced but does not exi
st, replaced by a fixed one

pdfTeX warning (dest): name{Rfn.cor} has been referenced but does not exist, re
placed by a fixed one

pdfTeX warning (dest): name{Rfn.heat.colors} has been referenced but does not e
xist, replaced by a fixed one

pdfTeX warning (dest): name{Rfn.heatmap} has been referenced but does not exist
, replaced by a fixed one

pdfTeX warning (dest): name{Rfn.order.dendrogram} has been referenced but does 
not exist, replaced by a fixed one

pdfTeX warning (dest): name{Rfn.par} has been referenced but does not exist, re
placed by a fixed one

pdfTeX warning (dest): name{Rfn.hclust} has been referenced but does not exist,
 replaced by a fixed one

pdfTeX warning (dest): name{Rfn.rainbow} has been referenced but does not exist
, replaced by a fixed one

pdfTeX warning (dest): name{Rfn.topo.colors} has been referenced but does not e
xist, replaced by a fixed one

pdfTeX warning (dest): name{Rfn.terrain.colors} has been referenced but does no
t exist, replaced by a fixed one

pdfTeX warning (dest): name{Rfn.dist} has been referenced but does not exist, r
eplaced by a fixed one

{/usr/local/texlive/2013/texmf-dist/fonts/enc/dvips/base/8r.enc}{/usr/local/tex
live/2013/texmf-dist/fonts/enc/dvips/inconsolata/fi4-ec.enc}</usr/local/texlive
/2013/texmf-dist/fonts/type1/public/inconsolata/Inconsolata.pfb></usr/local/tex
live/2013/texmf-dist/fonts/type1/public/amsfonts/cm/cmmi10.pfb></usr/local/texl
ive/2013/texmf-dist/fonts/type1/public/amsfonts/cm/cmmi7.pfb></usr/local/texliv
e/2013/texmf-dist/fonts/type1/public/amsfonts/cm/cmr10.pfb></usr/local/texlive/
2013/texmf-dist/fonts/type1/public/amsfonts/cm/cmr7.pfb></usr/local/texlive/201
3/texmf-dist/fonts/type1/public/amsfonts/cm/cmsy10.pfb></usr/local/texlive/2013
/texmf-dist/fonts/type1/urw/helvetic/uhvr8a.pfb></usr/local/texlive/2013/texmf-
dist/fonts/type1/urw/times/utmb8a.pfb></usr/local/texlive/2013/texmf-dist/fonts
/type1/urw/times/utmr8a.pfb></usr/local/texlive/2013/texmf-dist/fonts/type1/urw
/times/utmr8a.pfb></usr/local/texlive/2013/texmf-dist/fonts/type1/urw/times/utm
ri8a.pfb>
Output written on Rd2.pdf (96 pages, 351547 bytes).
Transcript written on Rd2.log.
Saving output to 'mixOmics-manual.pdf' ...
Done
You may want to clean up by 'rm -rf /var/folders/lt/g4z_nqwd0wg2kchtprc96bhrg9wlx_/T//RtmpHSyX6N/Rd2pdf7fc04c46c716'
